Start testing: Apr 26 22:45 MSK
----------------------------------------------------------
1/6 Testing: test_basefile
1/6 Test: test_basefile
Command: "/mnt/c/cmake/lab2/build/tests/test_basefile"
Directory: /mnt/c/cmake/lab2
"test_basefile" start time: Apr 26 22:45 MSK
Output:
----------------------------------------------------------

test_basefile
вызов конструктора с параметром пути к файлу и режимом
вызов конструктора с параметром пути к файлу и режимом
тест BaseFile прошел

<end of output>
Test time =   0.02 sec
----------------------------------------------------------
Test Passed.
"test_basefile" end time: Apr 26 22:45 MSK
"test_basefile" time elapsed: 00:00:00
----------------------------------------------------------

2/6 Testing: test_base32file
2/6 Test: test_base32file
Command: "/mnt/c/cmake/lab2/build/tests/test_base32file"
Directory: /mnt/c/cmake/lab2
"test_base32file" start time: Apr 26 22:45 MSK
Output:
----------------------------------------------------------

test_base32file
вызов конструктора с параметром пути к файлу и режимом
вызов конструктора Base32File с параметром пути к файлу и режимом
вызов деструктора Base32File
вызов конструктора с параметром пути к файлу и режимом
вызов конструктора Base32File с параметром пути к файлу и режимом
вызов деструктора Base32File
тест Base32File прошел

<end of output>
Test time =   0.05 sec
----------------------------------------------------------
Test Passed.
"test_base32file" end time: Apr 26 22:45 MSK
"test_base32file" time elapsed: 00:00:00
----------------------------------------------------------

3/6 Testing: test_rlefile
3/6 Test: test_rlefile
Command: "/mnt/c/cmake/lab2/build/tests/test_rlefile"
Directory: /mnt/c/cmake/lab2
"test_rlefile" start time: Apr 26 22:45 MSK
Output:
----------------------------------------------------------

test_rlefile
вызов конструктора с параметром пути к файлу и режимом
вызов конструктора RleFile с параметром пути к файлу и режимом
вызов деструктора RleFile
вызов конструктора с параметром пути к файлу и режимом
вызов конструктора RleFile с параметром пути к файлу и режимом
вызов деструктора RleFile
тест RleFile прошел

<end of output>
Test time =   0.03 sec
----------------------------------------------------------
Test Passed.
"test_rlefile" end time: Apr 26 22:45 MSK
"test_rlefile" time elapsed: 00:00:00
----------------------------------------------------------

4/6 Testing: test_composition
4/6 Test: test_composition
Command: "/mnt/c/cmake/lab2/build/tests/test_composition"
Directory: /mnt/c/cmake/lab2
"test_composition" start time: Apr 26 22:45 MSK
Output:
----------------------------------------------------------

test_composition
вызов конструктора с параметром пути к файлу и режимом
вызов конструктора Base32File2 с IFile*
вызов деструктора Base32File2
вызов деструктора RleFile2
вызов конструктора с параметром пути к файлу и режимом
вызов конструктора Base32File2 с IFile*
вызов деструктора Base32File2
вызов деструктора RleFile2
тест composition прошел
<end of output>
Test time =   0.04 sec
----------------------------------------------------------
Test Passed.
"test_composition" end time: Apr 26 22:45 MSK
"test_composition" time elapsed: 00:00:00
----------------------------------------------------------

5/6 Testing: test_base32file2
5/6 Test: test_base32file2
Command: "/mnt/c/cmake/lab2/build/tests/test_base32file2"
Directory: /mnt/c/cmake/lab2
"test_base32file2" start time: Apr 26 22:45 MSK
Output:
----------------------------------------------------------

test_base32file2
вызов конструктора с параметром пути к файлу и режимом
вызов конструктора Base32File2 с IFile*
вызов деструктора Base32File2
вызов конструктора с параметром пути к файлу и режимом
вызов конструктора Base32File2 с IFile*
вызов деструктора Base32File2
тест Base32File2 прошел
<end of output>
Test time =   0.04 sec
----------------------------------------------------------
Test Passed.
"test_base32file2" end time: Apr 26 22:45 MSK
"test_base32file2" time elapsed: 00:00:00
----------------------------------------------------------

6/6 Testing: test_rlefile2
6/6 Test: test_rlefile2
Command: "/mnt/c/cmake/lab2/build/tests/test_rlefile2"
Directory: /mnt/c/cmake/lab2
"test_rlefile2" start time: Apr 26 22:45 MSK
Output:
----------------------------------------------------------

test_rlefile2
вызов конструктора с параметром пути к файлу и режимом
вызов деструктора RleFile2
вызов конструктора с параметром пути к файлу и режимом
вызов деструктора RleFile2
тест RleFile2 прошел
<end of output>
Test time =   0.03 sec
----------------------------------------------------------
Test Passed.
"test_rlefile2" end time: Apr 26 22:45 MSK
"test_rlefile2" time elapsed: 00:00:00
----------------------------------------------------------

End testing: Apr 26 22:45 MSK
